<?xml version="1.0" encoding="UTF-8"?>
<testsuite name="ohchangmin.sns.SnsApplicationTests" tests="1" skipped="0" failures="0" errors="0" timestamp="2023-08-03T06:50:09" hostname="CHANGMINui-Macmini.local" time="0.268">
  <properties/>
  <testcase name="contextLoads()" classname="ohchangmin.sns.SnsApplicationTests" time="0.268"/>
  <system-out><![CDATA[15:50:07.782 [Test worker] INFO org.springframework.test.context.support.AnnotationConfigContextLoaderUtils -- Could not detect default configuration classes for test class [ohchangmin.sns.SnsApplicationTests]: SnsApplicationTests does not declare any static, non-private, non-final, nested classes annotated with @Configuration.
15:50:07.821 [Test worker] INFO org.springframework.boot.test.context.SpringBootTestContextBootstrapper -- Found @SpringBootConfiguration ohchangmin.sns.SnsApplication for test class ohchangmin.sns.SnsApplicationTests

  .   ____          _            __ _ _
 /\\ / ___'_ __ _ _(_)_ __  __ _ \ \ \ \
( ( )\___ | '_ | '_| | '_ \/ _` | \ \ \ \
 \\/  ___)| |_)| | | | | || (_| |  ) ) ) )
  '  |____| .__|_| |_|_| |_\__, | / / / /
 =========|_|==============|___/=/_/_/_/
 :: Spring Boot ::                (v3.1.2)

2023-08-03T15:50:07.997+09:00  INFO 19574 --- [    Test worker] ohchangmin.sns.SnsApplicationTests       : Starting SnsApplicationTests using Java 17.0.7 with PID 19574 (started by changminoh in /Users/changminoh/Desktop/Project_2_OhChangMin)
2023-08-03T15:50:07.998+09:00  INFO 19574 --- [    Test worker] ohchangmin.sns.SnsApplicationTests       : No active profile set, falling back to 1 default profile: "local"
2023-08-03T15:50:08.251+09:00  INFO 19574 --- [    Test worker] .s.d.r.c.RepositoryConfigurationDelegate : Bootstrapping Spring Data JPA repositories in DEFAULT mode.
2023-08-03T15:50:08.273+09:00  INFO 19574 --- [    Test worker] .s.d.r.c.RepositoryConfigurationDelegate : Finished Spring Data repository scanning in 19 ms. Found 1 JPA repository interfaces.
2023-08-03T15:50:08.453+09:00  INFO 19574 --- [    Test worker] o.hibernate.jpa.internal.util.LogHelper  : HHH000204: Processing PersistenceUnitInfo [name: default]
2023-08-03T15:50:08.471+09:00  INFO 19574 --- [    Test worker] org.hibernate.Version                    : HHH000412: Hibernate ORM core version 6.2.6.Final
2023-08-03T15:50:08.472+09:00  INFO 19574 --- [    Test worker] org.hibernate.cfg.Environment            : HHH000406: Using bytecode reflection optimizer
2023-08-03T15:50:08.518+09:00  INFO 19574 --- [    Test worker] o.h.b.i.BytecodeProviderInitiator        : HHH000021: Bytecode provider name : bytebuddy
2023-08-03T15:50:08.571+09:00  INFO 19574 --- [    Test worker] o.s.o.j.p.SpringPersistenceUnitInfo      : No LoadTimeWeaver setup: ignoring JPA class transformer
2023-08-03T15:50:08.577+09:00  INFO 19574 --- [    Test worker] com.zaxxer.hikari.HikariDataSource       : HikariPool-1 - Starting...
2023-08-03T15:50:08.652+09:00  INFO 19574 --- [    Test worker] com.zaxxer.hikari.pool.HikariPool        : HikariPool-1 - Added connection conn0: url=jdbc:h2:mem:~/sns user=SA
2023-08-03T15:50:08.653+09:00  INFO 19574 --- [    Test worker] com.zaxxer.hikari.HikariDataSource       : HikariPool-1 - Start completed.
2023-08-03T15:50:08.739+09:00  INFO 19574 --- [    Test worker] o.h.b.i.BytecodeProviderInitiator        : HHH000021: Bytecode provider name : bytebuddy
2023-08-03T15:50:08.980+09:00  INFO 19574 --- [    Test worker] o.h.e.t.j.p.i.JtaPlatformInitiator       : HHH000490: Using JtaPlatform implementation: [org.hibernate.engine.transaction.jta.platform.internal.NoJtaPlatform]
Hibernate: 
    drop table if exists users cascade 
Hibernate: 
    create table users (
        id bigint generated by default as identity,
        email varchar(255),
        password varchar(255) not null,
        phone varchar(255),
        profile_img varchar(255),
        username varchar(255) not null unique,
        primary key (id)
    )
2023-08-03T15:50:08.994+09:00  INFO 19574 --- [    Test worker] j.LocalContainerEntityManagerFactoryBean : Initialized JPA EntityManagerFactory for persistence unit 'default'
2023-08-03T15:50:09.142+09:00  WARN 19574 --- [    Test worker] JpaBaseConfiguration$JpaWebConfiguration : spring.jpa.open-in-view is enabled by default. Therefore, database queries may be performed during view rendering. Explicitly configure spring.jpa.open-in-view to disable this warning
2023-08-03T15:50:09.211+09:00  INFO 19574 --- [    Test worker] o.s.s.web.DefaultSecurityFilterChain     : Will secure any request with [org.springframework.security.web.session.DisableEncodeUrlFilter@5c40402c, org.springframework.security.web.context.request.async.WebAsyncManagerIntegrationFilter@198524ec, org.springframework.security.web.context.SecurityContextHolderFilter@3833897c, org.springframework.security.web.header.HeaderWriterFilter@b0c4905, org.springframework.security.web.authentication.logout.LogoutFilter@34604b32, org.springframework.security.web.savedrequest.RequestCacheAwareFilter@7d2a4598, org.springframework.security.web.servletapi.SecurityContextHolderAwareRequestFilter@4a9f0360, org.springframework.security.web.authentication.AnonymousAuthenticationFilter@5edaa572, org.springframework.security.web.access.ExceptionTranslationFilter@2bf45b7c, org.springframework.security.web.access.intercept.AuthorizationFilter@2fbd47b7]
2023-08-03T15:50:09.380+09:00  INFO 19574 --- [    Test worker] o.s.b.a.h2.H2ConsoleAutoConfiguration    : H2 console available at '/h2-console'. Database available at 'jdbc:h2:mem:~/sns'
2023-08-03T15:50:09.393+09:00  WARN 19574 --- [    Test worker] o.s.s.c.a.web.builders.WebSecurity       : You are asking Spring Security to ignore org.springframework.boot.autoconfigure.security.servlet.PathRequest$H2ConsoleRequestMatcher@6894436e. This is not recommended -- please use permitAll via HttpSecurity#authorizeHttpRequests instead.
2023-08-03T15:50:09.394+09:00  INFO 19574 --- [    Test worker] o.s.s.web.DefaultSecurityFilterChain     : Will not secure org.springframework.boot.autoconfigure.security.servlet.PathRequest$H2ConsoleRequestMatcher@6894436e
2023-08-03T15:50:09.415+09:00  INFO 19574 --- [    Test worker] ohchangmin.sns.SnsApplicationTests       : Started SnsApplicationTests in 1.533 seconds (process running for 1.992)
]]></system-out>
  <system-err><![CDATA[]]></system-err>
</testsuite>
