<?xml version="1.0" encoding="UTF-8"?>
<testsuite name="ohchangmin.sns.service.UserServiceTest" tests="2" skipped="0" failures="0" errors="0" timestamp="2023-08-03T06:50:09" hostname="CHANGMINui-Macmini.local" time="0.134">
  <properties/>
  <testcase name="중복된 이름을 가진 회원이 존재할 시 회원가입을 하면 예외가 발생한다." classname="ohchangmin.sns.service.UserServiceTest" time="0.119"/>
  <testcase name="회원가입시 회원등록이 된다." classname="ohchangmin.sns.service.UserServiceTest" time="0.014"/>
  <system-out><![CDATA[2023-08-03T15:50:09.692+09:00  INFO 19574 --- [    Test worker] t.c.s.AnnotationConfigContextLoaderUtils : Could not detect default configuration classes for test class [ohchangmin.sns.service.UserServiceTest]: UserServiceTest does not declare any static, non-private, non-final, nested classes annotated with @Configuration.
2023-08-03T15:50:09.695+09:00  INFO 19574 --- [    Test worker] .b.t.c.SpringBootTestContextBootstrapper : Found @SpringBootConfiguration ohchangmin.sns.SnsApplication for test class ohchangmin.sns.service.UserServiceTest
Hibernate: 
    insert 
    into
        users
        (email,password,phone,profile_img,username,id) 
    values
        (?,?,?,?,?,default)
Hibernate: 
    select
        u1_0.id 
    from
        users u1_0 
    where
        u1_0.username=? fetch first ? rows only
Hibernate: 
    select
        u1_0.id 
    from
        users u1_0 
    where
        u1_0.username=? fetch first ? rows only
Hibernate: 
    insert 
    into
        users
        (email,password,phone,profile_img,username,id) 
    values
        (?,?,?,?,?,default)
Hibernate: 
    select
        u1_0.id,
        u1_0.email,
        u1_0.password,
        u1_0.phone,
        u1_0.profile_img,
        u1_0.username 
    from
        users u1_0
]]></system-out>
  <system-err><![CDATA[]]></system-err>
</testsuite>
